<?xml version="1.0" encoding="UTF-8"?>
<!-- Generated by org.testng.reporters.JUnitReportReporter -->
<testsuite hostname="LAPTOP-DBN8FBLG" failures="0" tests="2" name="com.magnto.SignUpTestCase" time="38.392" errors="0" timestamp="2024-10-05T17:18:18 IST" skipped="0">
  <testcase classname="com.magnto.SignUpTestCase" name="TC02_valid_login" time="19.885"/>
  <testcase classname="com.magnto.SignUpTestCase" name="TC01_valid_login" time="18.507"/>
</testsuite> <!-- com.magnto.SignUpTestCase -->
