<?xml version="1.0" encoding="UTF-8"?>
<!-- Generated by org.testng.reporters.JUnitReportReporter -->
<testsuite hostname="DESKTOP-GGA8555" failures="0" tests="1" name="com.magnto.LoginTestCase" time="10.446" errors="0" timestamp="2024-09-17T22:46:10 IST" skipped="0">
  <testcase classname="com.magnto.LoginTestCase" name="TC01login" time="10.446"/>
</testsuite> <!-- com.magnto.LoginTestCase -->
