<?xml version="1.0" encoding="UTF-8"?>
<!-- Generated by org.testng.reporters.JUnitReportReporter -->
<testsuite hostname="LAPTOP-DBN8FBLG" failures="0" tests="2" name="com.magnto.LoginTestCase" time="43.268" errors="0" timestamp="2024-10-07T00:16:56 IST" skipped="0">
  <testcase classname="com.magnto.LoginTestCase" name="TC02_Invalid_login" time="25.280"/>
  <testcase classname="com.magnto.LoginTestCase" name="TC02_Invalid_login" time="17.988"/>
</testsuite> <!-- com.magnto.LoginTestCase -->
