<?xml version="1.0" encoding="UTF-8"?>
<!-- Generated by org.testng.reporters.JUnitReportReporter -->
<testsuite hostname="LAPTOP-DBN8FBLG" failures="0" tests="1" name="com.magnto.LoginTestCase" time="19.830" errors="0" timestamp="2024-09-29T20:15:35 IST" skipped="0">
  <testcase classname="com.magnto.LoginTestCase" name="TC01login" time="19.830"/>
</testsuite> <!-- com.magnto.LoginTestCase -->
